stage = 3, rev = 0, angle = 345.140717, 345, 343, -68.294357, -53.435081, dy = -146.559906, 2.056616, 1
stage = 3, rev = 0, angle = 347.197327, 347, 345, -66.237740, -53.435081, dy = 140.920288, 2.056616, 2
stage = 3, rev = 0, angle = 349.399597, 349, 347, -64.035469, -53.435081, dy = 2.202267, 2.074822, 0
stage = 3, rev = 0, angle = 349.584015, 349, 349, -63.851059, -53.435081, dy = 0.184411, 1.838521, 0
stage = 3, rev = 0, angle = 353.370422, 353, 349, -60.064655, -53.435081, dy = 3.786404, 2.082006, 0
stage = 3, rev = 0, angle = 355.903229, 355, 353, -57.531860, -53.435081, dy = 2.532796, 2.138355, 0
stage = 3, rev = 0, angle = 357.147491, 357, 355, -56.287582, -53.435081, dy = 1.244277, 2.026595, 0
stage = 3, rev = 0, angle = 359.174103, 359, 357, -54.260986, -53.435081, dy = -137.352264, 2.026595, 1
stage = 3, rev = 1, angle = 360.929657, 0, 359, -52.505421, -53.435081, dy = 1.755565, 1.992716, 0
stage = 3, rev = 1, angle = 363.526001, 3, 0, -49.909073, -53.435081, dy = 2.596346, 2.068170, 0
stage = 3, rev = 1, angle = 717.602173, 357, 3, -55.832901, -53.435081, dy = -5.923829, 1.069170, 0
stage = 4, rev = 1, angle = 718.671387, 358, 357, -54.763729, -53.435081, dy = -156.959320, 1.069170, 1
stage = 5, rev = 1, angle = 361.064026, 1, 358, -52.371059, -53.435081, dy = 2.392669, 1.234608, 0
stage = 5, rev = 1, angle = 362.298645, 2, 1, -51.136452, -53.435081, dy = 10.272793, 1.234608, 1
stage = 5, rev = 1, angle = 363.533234, 3, 2, -49.901844, -53.435081, dy = 11.702119, 1.234608, 2
stage = 5, rev = 1, angle = 375.702332, 15, 3, -37.732758, -53.435081, dy = 12.169086, 2.601418, 0
stage = 5, rev = 1, angle = 378.079742, 18, 15, -35.355328, -53.435081, dy = 2.377430, 2.573419, 0
stage = 5, rev = 1, angle = 380.810547, 20, 18, -32.624527, -53.435081, dy = 2.730799, 2.593091, 0

stage = 3, rev = 0, angle = 188.235931, 188, 187, -63.753288, 108.010773, dy = 0.759789, 1.996492, 0
stage = 3, rev = 0, angle = 191.031082, 191, 188, -60.958145, 108.010773, dy = 2.795142, 2.096323, 0
stage = 3, rev = 0, angle = 193.596619, 193, 191, -58.392601, 108.010773, dy = 2.565546, 2.154976, 0
stage = 3, rev = 0, angle = 195.190994, 195, 193, -56.798233, 108.010773, dy = 1.594369, 2.084900, 0
stage = 3, rev = 0, angle = 197.931763, 197, 195, -54.057457, 108.010773, dy = 2.740775, 2.166885, 0
stage = 3, rev = 0, angle = 199.324631, 199, 197, -52.664593, 108.010773, dy = 1.392864, 2.070132, 0
stage = 3, rev = 0, angle = 202.047318, 202, 199, -49.941914, 108.010773, dy = 2.722680, 2.151700, 0
stage = 3, rev = 0, angle = 203.392487, 203, 202, -48.596745, 108.010773, dy = 1.345170, 2.050884, 0
stage = 3, rev = 0, angle = 205.443359, 205, 203, -46.545860, 108.010773, dy = -145.067734, 2.050884, 1
stage = 3, rev = 0, angle = 207.494247, 207, 205, -44.494976, 108.010773, dy = -139.585861, 2.050884, 2


stage = 3, rev = 0, angle = 336.825287, 336, 341, -178.029373, -154.854660, dy = -4.656290, 1.045599, 0
stage = 3, rev = 0, angle = 337.870880, 337, 336, -176.983780, -154.854660, dy = 9.676160, 1.045599, 1
stage = 3, rev = 0, angle = 347.784790, 347, 337, -167.069870, -154.854660, dy = 9.913903, 2.154137, 0
stage = 3, rev = 0, angle = 350.355835, 350, 347, -164.498825, -154.854660, dy = 2.571052, 2.206252, 0
stage = 3, rev = 0, angle = 351.615143, 351, 350, -163.239517, -154.854660, dy = 1.259314, 2.087884, 0
stage = 3, rev = 0, angle = 354.198029, 354, 351, -160.656631, -154.854660, dy = 2.582892, 2.149760, 0
stage = 3, rev = 0, angle = 355.983032, 355, 354, -158.871628, -154.854660, dy = 1.785008, 2.104166, 0
stage = 3, rev = 0, angle = 358.088287, 358, 355, -156.766373, -154.854660, dy = 2.105250, 2.104302, 0
stage = 3, rev = 1, angle = 360.192596, 0, 358, -154.662064, -154.854660, dy = -44.637421, 2.104302, 1
stage = 3, rev = 1, angle = 362.296906, 2, 0, -152.557755, -154.854660, dy = -21.407330, 2.104302, 2
stage = 3, rev = 1, angle = 364.401215, 4, 2, -150.453445, -154.854660, dy = -23.253656, 2.104302, 3
stage = 3, rev = 1, angle = 366.505524, 6, 4, -148.349136, -154.854660, dy = -25.225431, 2.104302, 4
stage = 3, rev = 1, angle = 368.609833, 8, 6, -146.244827, -154.854660, dy = -26.880701, 2.104302, 5
stage = 3, rev = 1, angle = 717.015808, 357, 8, -157.838867, -154.854660, dy = -11.594040, 0.392009, 0
stage = 4, rev = 1, angle = 717.407837, 357, 357, -157.446854, -154.854660, dy = 15.298483, 0.392009, 1
stage = 5, rev = 1, angle = 717.799805, 357, 357, -157.054840, -154.854660, dy = -17.158302, 0.392009, 2
scan: state = 0




stage = 3, rev = 0, angle = 344.797913, 344, 348, -42.443798, -27.241711, dy = -4.106113, 1.432161, 0
stage = 3, rev = 0, angle = 352.722839, 352, 344, -34.518887, -27.241711, dy = 7.924911, 2.243754, 0
stage = 3, rev = 0, angle = 354.966583, 354, 352, -32.275131, -27.241711, dy = 168.049683, 2.243754, 1
stage = 3, rev = 0, angle = 357.210327, 357, 354, -30.031376, -27.241711, dy = 178.637756, 2.243754, 2
stage = 3, rev = 0, angle = 359.237457, 359, 357, -28.004267, -27.241711, dy = 2.027110, 2.216674, 0
stage = 3, rev = 1, angle = 361.454102, 1, 359, -25.787594, -27.241711, dy = 160.928772, 2.216674, 1
stage = 3, rev = 1, angle = 363.135162, 3, 1, -24.106552, -27.241711, dy = 1.681042, 2.149720, 0
stage = 3, rev = 1, angle = 717.927124, 357, 3, -29.314571, -27.241711, dy = -5.208019, 1.230003, 0
stage = 4, rev = 1, angle = 719.157104, 359, 357, -28.084568, -27.241711, dy = 41.639664, 1.230003, 1
stage = 5, rev = 1, angle = 369.679626, 9, 359, -17.562084, -27.241711, dy = 10.522485, 2.391563, 0
stage = 5, rev = 1, angle = 372.071198, 12, 9, -15.170521, -27.241711, dy = -130.236588, 2.391563, 1

